<?xml version="1.0" encoding="UTF-8"?>
<!-- Generated by org.testng.reporters.JUnitReportReporter -->
<testsuite hostname="DESKTOP-PPODBDV" failures="0" tests="1" name="goRestApi.GetDeleteUserTestFlow" time="7.508" errors="0" timestamp="2025-04-30T16:47:29 IST" skipped="0">
  <testcase classname="goRestApi.GetDeleteUserTestFlow" name="updateUserTest" time="7.508"/>
  <system-out/>
</testsuite> <!-- goRestApi.GetDeleteUserTestFlow -->
