<?xml version="1.0" encoding="UTF-8"?>
<!-- Generated by org.testng.reporters.JUnitReportReporter -->
<testsuite hostname="DESKTOP-PPODBDV" failures="0" tests="1" name="goRestApi.GetDeleteUSerTest" time="5.329" errors="0" timestamp="2025-04-30T10:01:55 IST" skipped="0">
  <testcase classname="goRestApi.GetDeleteUSerTest" name="updateUserTest" time="5.329"/>
  <system-out/>
</testsuite> <!-- goRestApi.GetDeleteUSerTest -->
